<?xml version="1.0" encoding="UTF-8"?>
<testng-results ignored="0" total="2" passed="2" failed="0" skipped="0">
  <reporter-output>
  </reporter-output>
  <suite started-at="2022-11-19T06:29:08 GMT+02:00" name="Default suite" finished-at="2022-11-19T06:29:39 GMT+02:00" duration-ms="31081">
    <groups>
    </groups>
    <test started-at="2022-11-19T06:29:08 GMT+02:00" name="Default test" finished-at="2022-11-19T06:29:39 GMT+02:00" duration-ms="31081">
      <class name="SaucedemoHW18112022Class">
        <test-method is-config="true" signature="login()[pri:0, instance:SaucedemoHW18112022Class@661972b0]" started-at="2022-11-19T06:29:08 GMT+02:00" name="login" finished-at="2022-11-19T06:29:23 GMT+02:00" duration-ms="15057" status="PASS">
          <reporter-output>
          </reporter-output>
        </test-method> <!-- login -->
        <test-method signature="sort_items_low_to_high()[pri:1, instance:SaucedemoHW18112022Class@661972b0]" started-at="2022-11-19T06:29:23 GMT+02:00" name="sort_items_low_to_high" finished-at="2022-11-19T06:29:33 GMT+02:00" duration-ms="9393" status="PASS">
          <reporter-output>
          </reporter-output>
        </test-method> <!-- sort_items_low_to_high -->
        <test-method signature="sort_items_high_to_low()[pri:2, instance:SaucedemoHW18112022Class@661972b0]" started-at="2022-11-19T06:29:33 GMT+02:00" name="sort_items_high_to_low" finished-at="2022-11-19T06:29:39 GMT+02:00" duration-ms="6579" status="PASS">
          <reporter-output>
          </reporter-output>
        </test-method> <!-- sort_items_high_to_low -->
      </class> <!-- SaucedemoHW18112022Class -->
    </test> <!-- Default test -->
  </suite> <!-- Default suite -->
</testng-results>
